Build started 12/06/2019 09:58:44.
     1>Project "C:\Users\rafaeldamazio\Desktop\Trabalhos\gamao\gamao.vcxproj" on node 2 (build target(s)).
     1>InitializeBuildStatus:
         Creating "Release\gamao.unsuccessfulbuild" because "AlwaysCreate" was specified.
       ClCompile:
         C:\Program Files (x86)\Microsoft Visual Studio 10.0\VC\bin\CL.exe /c /Zi /nologo /W3 /WX- /O2 /Oi /Oy- /GL /D WIN32 /D NDEBUG /D _CONSOLE /D _UNICODE /D UNICODE /Gm- /EHsc /MD /GS /Gy /fp:precise /Zc:wchar_t /Zc:forScope /Fo"Release\\" /Fd"Release\vc100.pdb" /Gd /TC /analyze- /errorReport:prompt ..\Modular_T2\Source\DADOPONTOS\DADOPONTOS.C ..\Modular_T2\Source\dado\dado.c ..\Modular_T2\Source\jogo.c ..\Modular_T2\Source\lista\LISTA.C ..\Modular_T2\Source\peca\peca.c ..\Modular_T2\Source\tabuleiro\tabuleiro.c ..\Modular_T2\Source\user_interface\user_interface.c
         DADOPONTOS.C
         dado.c
         jogo.c
     1>..\Modular_T2\Source\jogo.c(68): warning C4996: 'scanf': This function or variable may be unsafe. Consider using scanf_s instead. To disable deprecation, use _CRT_SECURE_NO_WARNINGS. See online help for details.
                 C:\Program Files (x86)\Microsoft Visual Studio 10.0\VC\include\stdio.h(304) : see declaration of 'scanf'
     1>..\Modular_T2\Source\jogo.c(194): warning C4996: 'scanf': This function or variable may be unsafe. Consider using scanf_s instead. To disable deprecation, use _CRT_SECURE_NO_WARNINGS. See online help for details.
                 C:\Program Files (x86)\Microsoft Visual Studio 10.0\VC\include\stdio.h(304) : see declaration of 'scanf'
         LISTA.C
         peca.c
         tabuleiro.c
         user_interface.c
     1>..\Modular_T2\Source\user_interface\user_interface.c(33): warning C4996: 'scanf': This function or variable may be unsafe. Consider using scanf_s instead. To disable deprecation, use _CRT_SECURE_NO_WARNINGS. See online help for details.
                 C:\Program Files (x86)\Microsoft Visual Studio 10.0\VC\include\stdio.h(304) : see declaration of 'scanf'
     1>..\Modular_T2\Source\user_interface\user_interface.c(44): warning C4996: 'scanf': This function or variable may be unsafe. Consider using scanf_s instead. To disable deprecation, use _CRT_SECURE_NO_WARNINGS. See online help for details.
                 C:\Program Files (x86)\Microsoft Visual Studio 10.0\VC\include\stdio.h(304) : see declaration of 'scanf'
       Link:
         C:\Program Files (x86)\Microsoft Visual Studio 10.0\VC\bin\link.exe /ERRORREPORT:PROMPT /OUT:"C:\Users\rafaeldamazio\Desktop\Trabalhos\gamao\Release\gamao.exe" /INCREMENTAL:NO /NOLOGO kernel32.lib user32.lib gdi32.lib winspool.lib comdlg32.lib advapi32.lib shell32.lib ole32.lib oleaut32.lib uuid.lib odbc32.lib odbccp32.lib /MANIFEST /ManifestFile:"Release\gamao.exe.intermediate.manifest" /MANIFESTUAC:"level='asInvoker' uiAccess='false'" /DEBUG /PDB:"C:\Users\rafaeldamazio\Desktop\Trabalhos\gamao\Release\gamao.pdb" /SUBSYSTEM:CONSOLE /OPT:REF /OPT:ICF /LTCG /TLBID:1 /DYNAMICBASE /NXCOMPAT /IMPLIB:"C:\Users\rafaeldamazio\Desktop\Trabalhos\gamao\Release\gamao.lib" /MACHINE:X86 Release\DADOPONTOS.obj
         Release\dado.obj
         Release\jogo.obj
         Release\LISTA.obj
         Release\peca.obj
         Release\tabuleiro.obj
         Release\user_interface.obj
         Generating code
         Finished generating code
         gamao.vcxproj -> C:\Users\rafaeldamazio\Desktop\Trabalhos\gamao\Release\gamao.exe
       Manifest:
         C:\Program Files (x86)\Microsoft SDKs\Windows\v7.0A\bin\mt.exe /nologo /verbose /outputresource:"C:\Users\rafaeldamazio\Desktop\Trabalhos\gamao\Release\gamao.exe;#1" /manifest Release\gamao.exe.intermediate.manifest
       FinalizeBuildStatus:
         Deleting file "Release\gamao.unsuccessfulbuild".
         Touching "Release\gamao.lastbuildstate".
     1>Done Building Project "C:\Users\rafaeldamazio\Desktop\Trabalhos\gamao\gamao.vcxproj" (build target(s)).

Build succeeded.

Time Elapsed 00:00:04.09
